<?xml version="1.0" encoding="UTF-8"?>
<!-- Generated by org.testng.reporters.JUnitReportReporter -->
<testsuite hostname="Kanchan" failures="0" tests="1" name="sample.Practice.Demo" time="0.012" errors="0" timestamp="2023-08-12T19:32:55 IST" skipped="0">
  <testcase classname="sample.Practice.Demo" name="sample" time="0.012"/>
  <system-out/>
</testsuite> <!-- sample.Practice.Demo -->
